Arguments: 
  E:\work\nodejs\node.exe C:\Users\思汗\AppData\Roaming\npm\node_modules\yarn\bin\yarn.js add material-tailwind

PATH: 
  C:\Users\思汗\Desktop\OpenSSH-Win64;C:\Users\思汗\.m2\repository;E:\work\jdk-11.0.15+10\bin;E:\Maven\apache-maven-3.3.9\bin;E:\Maven\apache-maven-3.8.6\bin;C:\Windows\system32;C:\Windows;C:\Windows\System32\Wbem;C:\Windows\System32\WindowsPowerShell\v1.0\;C:\Windows\System32\OpenSSH\;C:\Program Files (x86)\NVIDIA Corporation\PhysX\Common;C:\Program Files\NVIDIA Corporation\NVIDIA NvDLISR;C:\Program Files (x86)\Pulse Secure\VC142.CRT\X64\;C:\Program Files (x86)\Pulse Secure\VC142.CRT\X86\;C:\WINDOWS\system32;C:\WINDOWS;C:\WINDOWS\System32\Wbem;C:\WINDOWS\System32\WindowsPowerShell\v1.0\;C:\WINDOWS\System32\OpenSSH\;C:\ProgramData\chocolatey\bin;E:\work\Git\cmd;E:\work\Git\bin;E:\work\Git\mingw64\bin;E:\work\Git\mingw64\libexec\git-core;C:\Program Files\dotnet\;E:\work\OpenSSH-Win64;E:\work\nodejs\;E:\work\miniconda;E:\work\miniconda\Library\mingw-w64\bin;E:\work\miniconda\Library\usr\bin;E:\work\miniconda\Library\bin;E:\work\miniconda\Scripts;C:\Users\思汗\AppData\Local\Programs\Python\Python39\Scripts\;C:\Users\思汗\AppData\Local\Programs\Python\Python39\;C:\Users\思汗\AppData\Local\Microsoft\WindowsApps;C:\Users\思汗\AppData\Local\Programs\Microsoft VS Code\bin;C:\msys64\mingw64\bin;C:\Users\思汗\.m2\repository;E:\work\OpenSSH-Win64;C:\Users\思汗\AppData\Roaming\npm;C:\Users\思汗\AppData\Local\GitHubDesktop\bin

Yarn version: 
  1.22.19

Node version: 
  18.15.0

Platform: 
  win32 x64

Trace: 
  Error: https://registry.yarnpkg.com/material-tailwind: Not found
      at params.callback [as _callback] (C:\Users\思汗\AppData\Roaming\npm\node_modules\yarn\lib\cli.js:66145:18)
      at self.callback (C:\Users\思汗\AppData\Roaming\npm\node_modules\yarn\lib\cli.js:140890:22)
      at Request.emit (node:events:513:28)
      at Request.<anonymous> (C:\Users\思汗\AppData\Roaming\npm\node_modules\yarn\lib\cli.js:141862:10)
      at Request.emit (node:events:513:28)
      at IncomingMessage.<anonymous> (C:\Users\思汗\AppData\Roaming\npm\node_modules\yarn\lib\cli.js:141784:12)
      at Object.onceWrapper (node:events:627:28)
      at IncomingMessage.emit (node:events:525:35)
      at endReadableNT (node:internal/streams/readable:1359:12)
      at process.processTicksAndRejections (node:internal/process/task_queues:82:21)

npm manifest: 
  {
    "name": "material-tailwind-dashboard-react",
    "private": true,
    "version": "2.0.0",
    "type": "module",
    "scripts": {
      "dev": "vite",
      "build": "vite build",
      "preview": "vite preview"
    },
    "dependencies": {
      "@emotion/react": "^11.10.6",
      "@emotion/styled": "^11.10.6",
      "@heroicons/react": "2.0.12",
      "@material-tailwind/react": "^1.2.4",
      "@mui/material": "^5.11.13",
      "apexcharts": "3.35.5",
      "prop-types": "15.8.1",
      "react": "18.2.0",
      "react-apexcharts": "1.4.0",
      "react-dom": "18.2.0",
      "react-router-dom": "6.4.2"
    },
    "devDependencies": {
      "@types/react": "^18.0.27",
      "@types/react-dom": "^18.0.10",
      "@vitejs/plugin-react": "^3.1.0",
      "vite": "^4.1.0"
    }
  }

yarn manifest: 
  No manifest

Lockfile: 
  No lockfile
